<?xml version="1.0" encoding="utf-8"?><testsuites name="pytest tests"><testsuite name="pytest" errors="0" failures="2" skipped="0" tests="12" time="5.362" timestamp="2026-09-16T23:04:23.513057+00:00" hostname="agent-env-eb1eef50-b173-4280-bb2c-61eb5bc9191b"><testcase classname="backend.tests.test_iter7.TestBrand" name="test_get_brand_returns_current_or_defaults" time="0.290" /><testcase classname="backend.tests.test_iter7.TestBrand" name="test_put_brand_saves_and_returns" time="0.630" /><testcase classname="backend.tests.test_iter7.TestBrand" name="test_put_brand_invalid_accent" time="0.138" /><testcase classname="backend.tests.test_iter7.TestBrand" name="test_put_brand_invalid_corner" time="0.128" /><testcase classname="backend.tests.test_iter7.TestBrand" name="test_put_brand_nonexistent_logo" time="0.152" /><testcase classname="backend.tests.test_iter7.TestGraphicBrand" name="test_graphic_use_brand_true_accent_present" time="1.625" /><testcase classname="backend.tests.test_iter7.TestGraphicBrand" name="test_graphic_use_brand_false_no_accent" time="1.206" /><testcase classname="backend.tests.test_iter7.TestArticleDownload" name="test_pdf_download" time="0.291"><failure message="assert 500 == 200&#10; +  where 500 = &lt;Response [500]&gt;.status_code">backend/tests/test_iter7.py:144: in test_pdf_download
    assert r.status_code == 200
E   assert 500 == 200
E    +  where 500 = &lt;Response [500]&gt;.status_code</failure></testcase><testcase classname="backend.tests.test_iter7.TestArticleDownload" name="test_docx_download" time="0.367"><failure message="assert 500 == 200&#10; +  where 500 = &lt;Response [500]&gt;.status_code">backend/tests/test_iter7.py:152: in test_docx_download
    assert r.status_code == 200
E   assert 500 == 200
E    +  where 500 = &lt;Response [500]&gt;.status_code</failure></testcase><testcase classname="backend.tests.test_iter7.TestArticleDownload" name="test_download_unknown_format" time="0.154" /><testcase classname="backend.tests.test_iter7.TestArticleDownload" name="test_download_unknown_article" time="0.131" /><testcase classname="backend.tests.test_iter7.TestScheduleFeed" name="test_schedule_feed_shape" time="0.163" /></testsuite></testsuites>