<?xml version="1.0" encoding="utf-8"?><testsuites name="pytest tests"><testsuite name="pytest" errors="0" failures="0" skipped="0" tests="7" time="3.974" timestamp="2026-09-17T00:38:02.917780+00:00" hostname="agent-env-eb1eef50-b173-4280-bb2c-61eb5bc9191b"><testcase classname="backend.tests.test_iter10_exports" name="test_article_pdf_download_has_images" time="0.849" /><testcase classname="backend.tests.test_iter10_exports" name="test_article_docx_download_valid_with_headings_bullets_image" time="0.547" /><testcase classname="backend.tests.test_iter10_exports" name="test_article_xlsx_download_400" time="0.181" /><testcase classname="backend.tests.test_iter10_exports" name="test_campaign_deck_landscape_and_pages" time="1.164" /><testcase classname="backend.tests.test_iter10_exports" name="test_campaign_deck_unknown_404" time="0.155" /><testcase classname="backend.tests.test_iter10_exports" name="test_graphics_zip_ok_content_and_filenames" time="0.777" /><testcase classname="backend.tests.test_iter10_exports" name="test_graphics_zip_unknown_campaign_404" time="0.160" /></testsuite></testsuites>