<?xml version="1.0" encoding="utf-8"?><testsuites name="pytest tests"><testsuite name="pytest" errors="0" failures="0" skipped="0" tests="4" time="16.840" timestamp="2026-09-16T23:29:24.039375+00:00" hostname="agent-env-eb1eef50-b173-4280-bb2c-61eb5bc9191b"><testcase classname="backend.tests.test_iter8" name="test_deck_pdf_headers_and_body" time="2.109" /><testcase classname="backend.tests.test_iter8" name="test_deck_pdf_structure" time="2.045" /><testcase classname="backend.tests.test_iter8" name="test_deck_pdf_unknown_campaign_404" time="0.158" /><testcase classname="backend.tests.test_iter8" name="test_generate_campaign_from_article" time="12.411" /></testsuite></testsuites>