<?xml version="1.0" encoding="utf-8"?><testsuites name="pytest tests"><testsuite name="pytest" errors="0" failures="0" skipped="6" tests="19" time="3.803" timestamp="2026-09-16T22:18:37.202352+00:00" hostname="agent-env-eb1eef50-b173-4280-bb2c-61eb5bc9191b"><testcase classname="backend.tests.test_article_writer" name="test_root" time="0.364" /><testcase classname="backend.tests.test_article_writer" name="test_list_articles" time="0.187" /><testcase classname="backend.tests.test_article_writer" name="test_get_single" time="0.336" /><testcase classname="backend.tests.test_article_writer" name="test_upload_image_success_and_fetch" time="0.658" /><testcase classname="backend.tests.test_article_writer" name="test_upload_image_invalid_type" time="0.207" /><testcase classname="backend.tests.test_article_writer" name="test_get_file_nonexistent" time="0.155" /><testcase classname="backend.tests.test_article_writer" name="test_export_markdown" time="0.153" /><testcase classname="backend.tests.test_article_writer" name="test_export_html" time="0.174" /><testcase classname="backend.tests.test_article_writer" name="test_update_article_persists" time="0.354" /><testcase classname="backend.tests.test_campaigns" name="test_list_campaigns" time="0.119" /><testcase classname="backend.tests.test_campaigns" name="test_get_campaign" time="0.376"><skipped type="pytest.skip" message="No existing campaign; skip to save LLM budget">/app/backend/tests/test_campaigns.py:34: No existing campaign; skip to save LLM budget</skipped></testcase><testcase classname="backend.tests.test_campaigns" name="test_get_campaign_404" time="0.142" /><testcase classname="backend.tests.test_campaigns" name="test_update_campaign_persists" time="0.000"><skipped type="pytest.skip" message="No existing campaign; skip to save LLM budget">/app/backend/tests/test_campaigns.py:49: No existing campaign; skip to save LLM budget</skipped></testcase><testcase classname="backend.tests.test_campaigns" name="test_export_markdown" time="0.000"><skipped type="pytest.skip" message="No existing campaign; skip to save LLM budget">/app/backend/tests/test_campaigns.py:66: No existing campaign; skip to save LLM budget</skipped></testcase><testcase classname="backend.tests.test_campaigns" name="test_export_txt" time="0.000"><skipped type="pytest.skip" message="No existing campaign; skip to save LLM budget">/app/backend/tests/test_campaigns.py:75: No existing campaign; skip to save LLM budget</skipped></testcase><testcase classname="backend.tests.test_campaigns" name="test_export_html" time="0.000"><skipped type="pytest.skip" message="No existing campaign; skip to save LLM budget">/app/backend/tests/test_campaigns.py:84: No existing campaign; skip to save LLM budget</skipped></testcase><testcase classname="backend.tests.test_campaigns" name="test_export_invalid_format" time="0.000"><skipped type="pytest.skip" message="No existing campaign; skip to save LLM budget">/app/backend/tests/test_campaigns.py:93: No existing campaign; skip to save LLM budget</skipped></testcase><testcase classname="backend.tests.test_campaigns" name="test_export_unknown_id" time="0.191" /><testcase classname="backend.tests.test_campaigns" name="test_article_export_txt" time="0.323" /></testsuite></testsuites>