<?xml version="1.0" encoding="utf-8"?><testsuites name="pytest tests"><testsuite name="pytest" errors="0" failures="0" skipped="0" tests="7" time="5.389" timestamp="2026-09-16T23:37:40.292957+00:00" hostname="agent-env-eb1eef50-b173-4280-bb2c-61eb5bc9191b"><testcase classname="backend.tests.test_iter9_bulk_graphics.TestBulkGraphics" name="test_campaign_exists" time="0.191" /><testcase classname="backend.tests.test_iter9_bulk_graphics.TestBulkGraphics" name="test_unknown_campaign_404" time="0.572" /><testcase classname="backend.tests.test_iter9_bulk_graphics.TestBulkGraphics" name="test_unknown_image_404" time="0.157" /><testcase classname="backend.tests.test_iter9_bulk_graphics.TestBulkGraphics" name="test_bulk_create_overwrite" time="1.826" /><testcase classname="backend.tests.test_iter9_bulk_graphics.TestBulkGraphics" name="test_bulk_no_overwrite_keeps_existing" time="1.457" /><testcase classname="backend.tests.test_iter9_bulk_graphics.TestSinglePostRegression" name="test_single_graphic_ok" time="0.947" /><testcase classname="backend.tests.test_iter9_bulk_graphics.TestSinglePostRegression" name="test_single_unknown_platform_404" time="0.173" /></testsuite></testsuites>