<?xml version="1.0" encoding="utf-8"?><testsuites name="pytest tests"><testsuite name="pytest" errors="0" failures="1" skipped="0" tests="9" time="34.990" timestamp="2026-09-16T22:43:25.885029+00:00" hostname="agent-env-eb1eef50-b173-4280-bb2c-61eb5bc9191b"><testcase classname="backend.tests.test_iter6" name="test_graphic_facebook_no_ai" time="3.792" /><testcase classname="backend.tests.test_iter6" name="test_graphic_tiktok_no_ai" time="15.711" /><testcase classname="backend.tests.test_iter6" name="test_graphic_unknown_image_path_404" time="0.147" /><testcase classname="backend.tests.test_iter6" name="test_graphic_unknown_platform_404" time="0.147" /><testcase classname="backend.tests.test_iter6" name="test_graphic_unknown_campaign_404" time="0.134" /><testcase classname="backend.tests.test_iter6" name="test_regenerate_facebook_llm" time="2.819" /><testcase classname="backend.tests.test_iter6" name="test_schedule_persist_and_csv_ics" time="0.619"><failure message="AssertionError: expected 3 lines (header+2), got: ['Campaign,Platform,Scheduled (UTC),Post,Hashtags', 'Summer Glow Handmade Candle Sale,facebook,2026-07-01T09:00:00Z,&quot;Summer called — it wants to smell amazing. #x1F56F️ Our handmade candles are on sale NOW, but they sell out fast. Don\'t say we didn\'t warn you. Shop now!&quot;,#SummerGlow #HandmadeCandles #SummerSale #ShopNow #CandleLovers', 'Summer Glow Handmade Candle Sale,instagram,2026-07-02T15:30:00Z,&quot;Your nose called. It wants summer. #x1F56F️#x1F602', '', 'Handmade candles. Big vibes. HUGE sale.', '', 'Shop before they\'re gone — link in bio! #x1F33F#x1F34B&quot;,#HandmadeCandles #SummerSale #CandleLover #ShopNow #SmallBatchCandles #NaturalCandles #ArtisanCandles #ShopSmall #SummerVibes #Handpoured #MadeWithLove']&#10;assert 7 == 3&#10; +  where 7 = len(['Campaign,Platform,Scheduled (UTC),Post,Hashtags', 'Summer Glow Handmade Candle Sale,facebook,2026-07-01T09:00:00Z,&quot;Summer called — it wants to smell amazing. #x1F56F️ Our handmade candles are on sale NOW, but they sell out fast. Don\'t say we didn\'t warn you. Shop now!&quot;,#SummerGlow #HandmadeCandles #SummerSale #ShopNow #CandleLovers', 'Summer Glow Handmade Candle Sale,instagram,2026-07-02T15:30:00Z,&quot;Your nose called. It wants summer. #x1F56F️#x1F602', '', 'Handmade candles. Big vibes. HUGE sale.', '', ...])">backend/tests/test_iter6.py:143: in test_schedule_persist_and_csv_ics
    assert len(lines) == 3, f"expected 3 lines (header+2), got: {lines}"
E   AssertionError: expected 3 lines (header+2), got: ['Campaign,Platform,Scheduled (UTC),Post,Hashtags', 'Summer Glow Handmade Candle Sale,facebook,2026-07-01T09:00:00Z,"Summer called — it wants to smell amazing. #x1F56F️ Our handmade candles are on sale NOW, but they sell out fast. Don\'t say we didn\'t warn you. Shop now!",#SummerGlow #HandmadeCandles #SummerSale #ShopNow #CandleLovers', 'Summer Glow Handmade Candle Sale,instagram,2026-07-02T15:30:00Z,"Your nose called. It wants summer. #x1F56F️#x1F602', '', 'Handmade candles. Big vibes. HUGE sale.', '', 'Shop before they\'re gone — link in bio! #x1F33F#x1F34B",#HandmadeCandles #SummerSale #CandleLover #ShopNow #SmallBatchCandles #NaturalCandles #ArtisanCandles #ShopSmall #SummerVibes #Handpoured #MadeWithLove']
E   assert 7 == 3
E    +  where 7 = len(['Campaign,Platform,Scheduled (UTC),Post,Hashtags', 'Summer Glow Handmade Candle Sale,facebook,2026-07-01T09:00:00Z,"Summer called — it wants to smell amazing. #x1F56F️ Our handmade candles are on sale NOW, but they sell out fast. Don\'t say we didn\'t warn you. Shop now!",#SummerGlow #HandmadeCandles #SummerSale #ShopNow #CandleLovers', 'Summer Glow Handmade Candle Sale,instagram,2026-07-02T15:30:00Z,"Your nose called. It wants summer. #x1F56F️#x1F602', '', 'Handmade candles. Big vibes. HUGE sale.', '', ...])</failure></testcase><testcase classname="backend.tests.test_iter6" name="test_schedule_bad_format_400" time="0.157" /><testcase classname="backend.tests.test_iter6" name="test_graphic_instagram_ai_enhance" time="11.298" /></testsuite></testsuites>