<?xml version="1.0" encoding="utf-8"?><testsuites name="pytest tests"><testsuite name="pytest" errors="0" failures="0" skipped="1" tests="4" time="20.382" timestamp="2026-09-16T22:19:07.766715+00:00" hostname="agent-env-eb1eef50-b173-4280-bb2c-61eb5bc9191b"><testcase classname="backend.tests.test_regression_iter5" name="test_parser_refactor_no_markers_in_existing_articles" time="1.032" /><testcase classname="backend.tests.test_regression_iter5" name="test_article_export_bad_format_400" time="0.347" /><testcase classname="backend.tests.test_regression_iter5" name="test_campaign_export_bad_format_on_real_campaign_400" time="0.173"><skipped type="pytest.skip" message="no campaigns yet">/app/backend/tests/test_regression_iter5.py:38: no campaigns yet</skipped></testcase><testcase classname="backend.tests.test_regression_iter5" name="test_campaign_generation_full_flow" time="18.785" /></testsuite></testsuites>