<?xml version="1.0" encoding="utf-8"?><testsuites name="pytest tests"><testsuite name="pytest" errors="0" failures="0" skipped="0" tests="10" time="5.700" timestamp="2026-09-16T21:35:41.055163+00:00" hostname="agent-env-eb1eef50-b173-4280-bb2c-61eb5bc9191b"><testcase classname="backend.tests.test_campaigns" name="test_list_campaigns" time="3.533" /><testcase classname="backend.tests.test_campaigns" name="test_get_campaign" time="0.367" /><testcase classname="backend.tests.test_campaigns" name="test_get_campaign_404" time="0.153" /><testcase classname="backend.tests.test_campaigns" name="test_update_campaign_persists" time="0.312" /><testcase classname="backend.tests.test_campaigns" name="test_export_markdown" time="0.208" /><testcase classname="backend.tests.test_campaigns" name="test_export_txt" time="0.147" /><testcase classname="backend.tests.test_campaigns" name="test_export_html" time="0.187" /><testcase classname="backend.tests.test_campaigns" name="test_export_invalid_format" time="0.176" /><testcase classname="backend.tests.test_campaigns" name="test_export_unknown_id" time="0.208" /><testcase classname="backend.tests.test_campaigns" name="test_article_export_txt" time="0.340" /></testsuite></testsuites>