<?xml version="1.0" encoding="utf-8"?><testsuites name="pytest tests"><testsuite name="pytest" errors="0" failures="0" skipped="0" tests="9" time="2.790" timestamp="2026-09-16T21:09:19.671505+00:00" hostname="agent-env-eb1eef50-b173-4280-bb2c-61eb5bc9191b"><testcase classname="backend.tests.test_article_writer" name="test_root" time="0.332" /><testcase classname="backend.tests.test_article_writer" name="test_list_articles" time="0.194" /><testcase classname="backend.tests.test_article_writer" name="test_get_single" time="0.365" /><testcase classname="backend.tests.test_article_writer" name="test_upload_image_success_and_fetch" time="0.731" /><testcase classname="backend.tests.test_article_writer" name="test_upload_image_invalid_type" time="0.182" /><testcase classname="backend.tests.test_article_writer" name="test_get_file_nonexistent" time="0.271" /><testcase classname="backend.tests.test_article_writer" name="test_export_markdown" time="0.214" /><testcase classname="backend.tests.test_article_writer" name="test_export_html" time="0.139" /><testcase classname="backend.tests.test_article_writer" name="test_update_article_persists" time="0.317" /></testsuite></testsuites>